This file contains any messages produced by compilers while
running configure, to aid debugging if configure makes a mistake.

It was created by configure, which was
generated by GNU Autoconf 2.69.  Invocation command line was

  $ ./configure 

## --------- ##
## Platform. ##
## --------- ##

hostname = archlinux
uname -m = x86_64
uname -r = 5.10.7-arch1-1
uname -s = Linux
uname -v = #1 SMP PREEMPT Wed, 13 Jan 2021 12:02:01 +0000

/usr/bin/uname -p = unknown
/bin/uname -X     = unknown

/bin/arch              = unknown
/usr/bin/arch -k       = unknown
/usr/convex/getsysinfo = unknown
/usr/bin/hostinfo      = unknown
/bin/machine           = unknown
/usr/bin/oslevel       = unknown
/bin/universe          = unknown

PATH: /opt/gametime/holdongametime
PATH: /opt/gametime/django/bin
PATH: /usr/local/p/versions/python
PATH: /usr/local/bin
PATH: /usr/bin
PATH: /bin
PATH: /usr/local/sbin
PATH: /usr/lib/jvm/default/bin
PATH: /usr/bin/site_perl
PATH: /usr/bin/vendor_perl
PATH: /usr/bin/core_perl
PATH: /home/holden/.local/bin


## ----------- ##
## Core tests. ##
## ----------- ##

configure:1889: checking for apxs2
configure:1923: result: no
configure:1889: checking for apxs
configure:1908: found /usr/bin/apxs
configure:1920: result: /usr/bin/apxs
configure:2009: checking for gcc
configure:2025: found /usr/bin/gcc
configure:2036: result: gcc
configure:2265: checking for C compiler version
configure:2274: gcc --version >&5
gcc (GCC) 10.2.0
Copyright (C) 2020 Free Software Foundation, Inc.
This is free software; see the source for copying conditions.  There is NO
warranty; not even for MERCHANTABILITY or FITNESS FOR A PARTICULAR PURPOSE.

configure:2285: $? = 0
configure:2274: gcc -v >&5
Using built-in specs.
COLLECT_GCC=gcc
COLLECT_LTO_WRAPPER=/usr/lib/gcc/x86_64-pc-linux-gnu/10.2.0/lto-wrapper
Target: x86_64-pc-linux-gnu
Configured with: /build/gcc/src/gcc/configure --prefix=/usr --libdir=/usr/lib --libexecdir=/usr/lib --mandir=/usr/share/man --infodir=/usr/share/info --with-bugurl=https://bugs.archlinux.org/ --enable-languages=c,c++,ada,fortran,go,lto,objc,obj-c++,d --with-isl --with-linker-hash-style=gnu --with-system-zlib --enable-__cxa_atexit --enable-cet=auto --enable-checking=release --enable-clocale=gnu --enable-default-pie --enable-default-ssp --enable-gnu-indirect-function --enable-gnu-unique-object --enable-install-libiberty --enable-linker-build-id --enable-lto --enable-multilib --enable-plugin --enable-shared --enable-threads=posix --disable-libssp --disable-libstdcxx-pch --disable-libunwind-exceptions --disable-werror gdc_include_dir=/usr/include/dlang/gdc
Thread model: posix
Supported LTO compression algorithms: zlib zstd
gcc version 10.2.0 (GCC) 
configure:2285: $? = 0
configure:2274: gcc -V >&5
gcc: error: unrecognized command-line option '-V'
gcc: fatal error: no input files
compilation terminated.
configure:2285: $? = 1
configure:2274: gcc -qversion >&5
gcc: error: unrecognized command-line option '-qversion'; did you mean '--version'?
gcc: fatal error: no input files
compilation terminated.
configure:2285: $? = 1
configure:2305: checking whether the C compiler works
configure:2327: gcc    conftest.c  >&5
configure:2331: $? = 0
configure:2379: result: yes
configure:2382: checking for C compiler default output file name
configure:2384: result: a.out
configure:2390: checking for suffix of executables
configure:2397: gcc -o conftest    conftest.c  >&5
configure:2401: $? = 0
configure:2423: result: 
configure:2445: checking whether we are cross compiling
configure:2453: gcc -o conftest    conftest.c  >&5
configure:2457: $? = 0
configure:2464: ./conftest
configure:2468: $? = 0
configure:2483: result: no
configure:2488: checking for suffix of object files
configure:2510: gcc -c   conftest.c >&5
configure:2514: $? = 0
configure:2535: result: o
configure:2539: checking whether we are using the GNU C compiler
configure:2558: gcc -c   conftest.c >&5
configure:2558: $? = 0
configure:2567: result: yes
configure:2576: checking whether gcc accepts -g
configure:2596: gcc -c -g  conftest.c >&5
configure:2596: $? = 0
configure:2637: result: yes
configure:2654: checking for gcc option to accept ISO C89
configure:2717: gcc  -c -g -O2  conftest.c >&5
configure:2717: $? = 0
configure:2730: result: none needed
configure:2753: checking for prctl
configure:2753: gcc -o conftest -g -O2   conftest.c  >&5
configure:2753: $? = 0
configure:2753: result: yes
configure:2763: checking Apache version
configure:2785: result: 2.4.46
configure:2800: checking for python
configure:2819: found /opt/gametime/django/bin/python
configure:2831: result: /opt/gametime/django/bin/python
configure:3113: creating ./config.status

## ---------------------- ##
## Running config.status. ##
## ---------------------- ##

This file was extended by config.status, which was
generated by GNU Autoconf 2.69.  Invocation command line was

  CONFIG_FILES    = 
  CONFIG_HEADERS  = 
  CONFIG_LINKS    = 
  CONFIG_COMMANDS = 
  $ ./config.status 

on archlinux

config.status:723: creating Makefile

## ---------------- ##
## Cache variables. ##
## ---------------- ##

ac_cv_c_compiler_gnu=yes
ac_cv_env_CC_set=
ac_cv_env_CC_value=
ac_cv_env_CFLAGS_set=
ac_cv_env_CFLAGS_value=
ac_cv_env_CPPFLAGS_set=
ac_cv_env_CPPFLAGS_value=
ac_cv_env_LDFLAGS_set=
ac_cv_env_LDFLAGS_value=
ac_cv_env_LIBS_set=
ac_cv_env_LIBS_value=
ac_cv_env_build_alias_set=
ac_cv_env_build_alias_value=
ac_cv_env_host_alias_set=
ac_cv_env_host_alias_value=
ac_cv_env_target_alias_set=
ac_cv_env_target_alias_value=
ac_cv_func_prctl=yes
ac_cv_objext=o
ac_cv_path_APXS=/usr/bin/apxs
ac_cv_path_PYTHON=/opt/gametime/django/bin/python
ac_cv_prog_ac_ct_CC=gcc
ac_cv_prog_cc_c89=
ac_cv_prog_cc_g=yes

## ----------------- ##
## Output variables. ##
## ----------------- ##

APXS='/usr/bin/apxs'
CC='gcc'
CFLAGS=' -Wc,-g -Wc,-O2 '
CPPFLAGS=' -I/usr/local/include/python3.9 -DNDEBUG '
DEFS='-DPACKAGE_NAME=\"\" -DPACKAGE_TARNAME=\"\" -DPACKAGE_VERSION=\"\" -DPACKAGE_STRING=\"\" -DPACKAGE_BUGREPORT=\"\" -DPACKAGE_URL=\"\" -DHAVE_PRCTL=1'
DESTDIR=''
ECHO_C=''
ECHO_N='-n'
ECHO_T=''
EXEEXT=''
LDFLAGS=' -L/usr/local/lib -L/usr/local/lib/python3.9/config '
LDLIBS=' -lpython3.9 -lcrypt -lpthread -ldl  -lutil -lm -lm'
LIBEXECDIR='/usr/lib/httpd/modules'
LIBOBJS=''
LIBS=''
LTLIBOBJS=''
OBJEXT='o'
PACKAGE_BUGREPORT=''
PACKAGE_NAME=''
PACKAGE_STRING=''
PACKAGE_TARNAME=''
PACKAGE_URL=''
PACKAGE_VERSION=''
PATH_SEPARATOR=':'
PYTHON='/opt/gametime/django/bin/python'
SHELL='/bin/sh'
ac_ct_CC='gcc'
bindir='${exec_prefix}/bin'
build_alias=''
datadir='${datarootdir}'
datarootdir='${prefix}/share'
docdir='${datarootdir}/doc/${PACKAGE}'
dvidir='${docdir}'
exec_prefix='${prefix}'
host_alias=''
htmldir='${docdir}'
includedir='${prefix}/include'
infodir='${datarootdir}/info'
libdir='${exec_prefix}/lib'
libexecdir='${exec_prefix}/libexec'
localedir='${datarootdir}/locale'
localstatedir='${prefix}/var'
mandir='${datarootdir}/man'
oldincludedir='/usr/include'
pdfdir='${docdir}'
prefix='/usr/local'
program_transform_name='s,x,x,'
psdir='${docdir}'
sbindir='${exec_prefix}/sbin'
sharedstatedir='${prefix}/com'
sysconfdir='${prefix}/etc'
target_alias=''

## ----------- ##
## confdefs.h. ##
## ----------- ##

/* confdefs.h */
#define PACKAGE_NAME ""
#define PACKAGE_TARNAME ""
#define PACKAGE_VERSION ""
#define PACKAGE_STRING ""
#define PACKAGE_BUGREPORT ""
#define PACKAGE_URL ""
#define HAVE_PRCTL 1

configure: exit 0
